# JRE version: Java(TM) SE Runtime Environment (8.0_144-b01) (build 1.8.0_144-b01)
# Java VM: Java HotSpot(TM) 64-Bit Server VM (25.144-b01 mixed mode bsd-amd64 compressed oops)
Heap:
 PSYoungGen      total 393728K, used 175438K [0x0000000740000000, 0x0000000759b80000, 0x00000007c0000000)
  eden space 377856K, 42% used [0x0000000740000000,0x0000000749c3fad8,0x0000000757100000)
  from space 15872K, 97% used [0x0000000758280000,0x0000000759194050,0x0000000759200000)
  to   space 9728K, 0% used [0x0000000759200000,0x0000000759200000,0x0000000759b80000)
 ParOldGen       total 279040K, used 25060K [0x0000000640000000, 0x0000000651080000, 0x0000000740000000)
  object space 279040K, 8% used [0x0000000640000000,0x00000006418791e0,0x0000000651080000)
 Metaspace       used 67697K, capacity 71908K, committed 72192K, reserved 1112064K
  class space    used 8908K, capacity 9634K, committed 9728K, reserved 1048576K
GC Heap History (10 events):
Event: 6.931 GC heap before
{Heap before GC invocations=8 (full 2):
 PSYoungGen      total 288256K, used 9445K [0x0000000740000000, 0x0000000754680000, 0x00000007c0000000)
  eden space 273408K, 0% used [0x0000000740000000,0x0000000740000000,0x0000000750b00000)
  from space 14848K, 63% used [0x0000000751900000,0x0000000752239438,0x0000000752780000)
  to   space 14336K, 0% used [0x0000000750b00000,0x0000000750b00000,0x0000000751900000)
 ParOldGen       total 132096K, used 6073K [0x0000000640000000, 0x0000000648100000, 0x0000000740000000)
  object space 132096K, 4% used [0x0000000640000000,0x00000006405ee508,0x0000000648100000)
 Metaspace       used 33353K, capacity 35298K, committed 35496K, reserved 1081344K
  class space    used 4168K, capacity 4503K, committed 4608K, reserved 1048576K
Event: 7.001 GC heap after
Heap after GC invocations=8 (full 2):
 PSYoungGen      total 288256K, used 0K [0x0000000740000000, 0x0000000754680000, 0x00000007c0000000)
  eden space 273408K, 0% used [0x0000000740000000,0x0000000740000000,0x0000000750b00000)
  from space 14848K, 0% used [0x0000000751900000,0x0000000751900000,0x0000000752780000)
  to   space 14336K, 0% used [0x0000000750b00000,0x0000000750b00000,0x0000000751900000)
 ParOldGen       total 200192K, used 13566K [0x0000000640000000, 0x000000064c380000, 0x0000000740000000)
  object space 200192K, 6% used [0x0000000640000000,0x0000000640d3fb28,0x000000064c380000)
 Metaspace       used 33353K, capacity 35298K, committed 35496K, reserved 1081344K
  class space    used 4168K, capacity 4503K, committed 4608K, reserved 1048576K
}
Event: 11.652 GC heap before
{Heap before GC invocations=9 (full 2):
 PSYoungGen      total 288256K, used 273408K [0x0000000740000000, 0x0000000754680000, 0x00000007c0000000)
  eden space 273408K, 100% used [0x0000000740000000,0x0000000750b00000,0x0000000750b00000)
  from space 14848K, 0% used [0x0000000751900000,0x0000000751900000,0x0000000752780000)
  to   space 14336K, 0% used [0x0000000750b00000,0x0000000750b00000,0x0000000751900000)
 ParOldGen       total 200192K, used 13566K [0x0000000640000000, 0x000000064c380000, 0x0000000740000000)
  object space 200192K, 6% used [0x0000000640000000,0x0000000640d3fb28,0x000000064c380000)
 Metaspace       used 49382K, capacity 51778K, committed 51968K, reserved 1093632K
  class space    used 6418K, capacity 6819K, committed 6912K, reserved 1048576K
Event: 11.668 GC heap after
Heap after GC invocations=9 (full 2):
 PSYoungGen      total 287744K, used 14308K [0x0000000740000000, 0x000000075ad80000, 0x00000007c0000000)
  eden space 273408K, 0% used [0x0000000740000000,0x0000000740000000,0x0000000750b00000)
  from space 14336K, 99% used [0x0000000750b00000,0x00000007518f9128,0x0000000751900000)
  to   space 18944K, 0% used [0x0000000759b00000,0x0000000759b00000,0x000000075ad80000)
 ParOldGen       total 200192K, used 19067K [0x0000000640000000, 0x000000064c380000, 0x0000000740000000)
  object space 200192K, 9% used [0x0000000640000000,0x000000064129eed0,0x000000064c380000)
 Metaspace       used 49382K, capacity 51778K, committed 51968K, reserved 1093632K
  class space    used 6418K, capacity 6819K, committed 6912K, reserved 1048576K
}
Event: 15.707 GC heap before
{Heap before GC invocations=10 (full 2):
 PSYoungGen      total 287744K, used 129299K [0x0000000740000000, 0x000000075ad80000, 0x00000007c0000000)
  eden space 273408K, 42% used [0x0000000740000000,0x000000074704be78,0x0000000750b00000)
  from space 14336K, 99% used [0x0000000750b00000,0x00000007518f9128,0x0000000751900000)
  to   space 18944K, 0% used [0x0000000759b00000,0x0000000759b00000,0x000000075ad80000)
 ParOldGen       total 200192K, used 19067K [0x0000000640000000, 0x000000064c380000, 0x0000000740000000)
  object space 200192K, 9% used [0x0000000640000000,0x000000064129eed0,0x000000064c380000)
 Metaspace       used 55537K, capacity 59016K, committed 59136K, reserved 1099776K
  class space    used 7465K, capacity 8072K, committed 8192K, reserved 1048576K
Event: 15.723 GC heap after
Heap after GC invocations=10 (full 2):
 PSYoungGen      total 404480K, used 14480K [0x0000000740000000, 0x000000075a980000, 0x00000007c0000000)
  eden space 389632K, 0% used [0x0000000740000000,0x0000000740000000,0x0000000757c80000)
  from space 14848K, 97% used [0x0000000759b00000,0x000000075a9240e0,0x000000075a980000)
  to   space 19968K, 0% used [0x0000000758280000,0x0000000758280000,0x0000000759600000)
 ParOldGen       total 200192K, used 19075K [0x0000000640000000, 0x000000064c380000, 0x0000000740000000)
  object space 200192K, 9% used [0x0000000640000000,0x00000006412a0ed0,0x000000064c380000)
 Metaspace       used 55537K, capacity 59016K, committed 59136K, reserved 1099776K
  class space    used 7465K, capacity 8072K, committed 8192K, reserved 1048576K
}
Event: 15.723 GC heap before
{Heap before GC invocations=11 (full 3):
 PSYoungGen      total 404480K, used 14480K [0x0000000740000000, 0x000000075a980000, 0x00000007c0000000)
  eden space 389632K, 0% used [0x0000000740000000,0x0000000740000000,0x0000000757c80000)
  from space 14848K, 97% used [0x0000000759b00000,0x000000075a9240e0,0x000000075a980000)
  to   space 19968K, 0% used [0x0000000758280000,0x0000000758280000,0x0000000759600000)
 ParOldGen       total 200192K, used 19075K [0x0000000640000000, 0x000000064c380000, 0x0000000740000000)
  object space 200192K, 9% used [0x0000000640000000,0x00000006412a0ed0,0x000000064c380000)
 Metaspace       used 55537K, capacity 59016K, committed 59136K, reserved 1099776K
  class space    used 7465K, capacity 8072K, committed 8192K, reserved 1048576K
Event: 15.839 GC heap after
Heap after GC invocations=11 (full 3):
 PSYoungGen      total 404480K, used 0K [0x0000000740000000, 0x000000075a980000, 0x00000007c0000000)
  eden space 389632K, 0% used [0x0000000740000000,0x0000000740000000,0x0000000757c80000)
  from space 14848K, 0% used [0x0000000759b00000,0x0000000759b00000,0x000000075a980000)
  to   space 19968K, 0% used [0x0000000758280000,0x0000000758280000,0x0000000759600000)
 ParOldGen       total 279040K, used 25052K [0x0000000640000000, 0x0000000651080000, 0x0000000740000000)
  object space 279040K, 8% used [0x0000000640000000,0x00000006418771e0,0x0000000651080000)
 Metaspace       used 55537K, capacity 59016K, committed 59136K, reserved 1099776K
  class space    used 7465K, capacity 8072K, committed 8192K, reserved 1048576K
}
Event: 6677.275 GC heap before
{Heap before GC invocations=12 (full 3):
 PSYoungGen      total 404480K, used 389632K [0x0000000740000000, 0x000000075a980000, 0x00000007c0000000)
  eden space 389632K, 100% used [0x0000000740000000,0x0000000757c80000,0x0000000757c80000)
  from space 14848K, 0% used [0x0000000759b00000,0x0000000759b00000,0x000000075a980000)
  to   space 19968K, 0% used [0x0000000758280000,0x0000000758280000,0x0000000759600000)
 ParOldGen       total 279040K, used 25052K [0x0000000640000000, 0x0000000651080000, 0x0000000740000000)
  object space 279040K, 8% used [0x0000000640000000,0x00000006418771e0,0x0000000651080000)
 Metaspace       used 67062K, capacity 71282K, committed 71424K, reserved 1112064K
  class space    used 8897K, capacity 9615K, committed 9728K, reserved 1048576K
Event: 6677.293 GC heap after
Heap after GC invocations=12 (full 3):
 PSYoungGen      total 393728K, used 15440K [0x0000000740000000, 0x0000000759b80000, 0x00000007c0000000)
  eden space 377856K, 0% used [0x0000000740000000,0x0000000740000000,0x0000000757100000)
  from space 15872K, 97% used [0x0000000758280000,0x0000000759194050,0x0000000759200000)
  to   space 9728K, 0% used [0x0000000759200000,0x0000000759200000,0x0000000759b80000)
 ParOldGen       total 279040K, used 25060K [0x0000000640000000, 0x0000000651080000, 0x0000000740000000)
  object space 279040K, 8% used [0x0000000640000000,0x00000006418791e0,0x0000000651080000)
 Metaspace       used 67062K, capacity 71282K, committed 71424K, reserved 1112064K
  class space    used 8897K, capacity 9615K, committed 9728K, reserved 1048576K
}

